<?xml version="1.0" encoding="UTF-8"?>
<!-- Generated by org.testng.reporters.JUnitXMLReporter -->
<testsuite hostname="DESKTOP-JT91DMP" ignored="0" name="Login_Test" tests="4" failures="0" timestamp="25 May 2020 17:45:19 GMT" time="0.016" errors="0">
  <testcase name="TC_Login_01" time="0.0" classname="Demo_TestNG.Demo_TestNG.TC_Login"/>
  <testcase name="TC_Login_02" time="0.0" classname="Demo_TestNG.Demo_TestNG.TC_Login"/>
  <testcase name="TC_Login_03" time="0.016" classname="Demo_TestNG.Demo_TestNG.TC_Login"/>
  <testcase name="TC_Login_04" time="0.0" classname="Demo_TestNG.Demo_TestNG.TC_Login"/>
</testsuite> <!-- Login_Test -->
