<?xml version="1.0" encoding="UTF-8"?>
<!-- Generated by org.testng.reporters.JUnitXMLReporter -->
<testsuite hostname="DESKTOP-JT91DMP" ignored="1" name="Home_Test" tests="1" failures="0" timestamp="11 Jun 2020 16:01:21 GMT" time="0.028" errors="0">
  <testcase name="TC_Home_02" time="0.01" classname="Demo_TestNG.Demo_TestNG.TC_Home_Group"/>
  <testcase name="TC_Home_01" time="0.0" classname="Demo_TestNG.Demo_TestNG.TC_Home_Group">
    <ignored/>
  </testcase> <!-- TC_Home_01 -->
</testsuite> <!-- Home_Test -->
