<?xml version="1.0" encoding="UTF-8"?>
<!-- Generated by org.testng.reporters.JUnitXMLReporter -->
<testsuite hostname="DESKTOP-JT91DMP" ignored="2" name="Login_Test" tests="2" failures="0" timestamp="11 Jun 2020 16:01:21 GMT" time="0.004" errors="0">
  <testcase name="TC_Login_01" time="0.001" classname="Demo_TestNG.Demo_TestNG.TC_Login_Group"/>
  <testcase name="TC_Login_03" time="0.001" classname="Demo_TestNG.Demo_TestNG.TC_Login_Group"/>
  <testcase name="TC_Login_04" time="0.0" classname="Demo_TestNG.Demo_TestNG.TC_Login_Group">
    <ignored/>
  </testcase> <!-- TC_Login_04 -->
  <testcase name="TC_Login_02" time="0.0" classname="Demo_TestNG.Demo_TestNG.TC_Login_Group">
    <ignored/>
  </testcase> <!-- TC_Login_02 -->
</testsuite> <!-- Login_Test -->
